<?xml version="1.0" encoding="UTF-8"?>
<!-- Generated by org.testng.reporters.JUnitReportReporter -->
<testsuite hostname="Admin-PC" name="com.json_server.tests.GetUser" tests="5" failures="0" timestamp="27 Apr 2020 14:30:03 GMT" time="6.225" errors="0">
  <testcase name="getSingleUserWithInValidPhonenum1" time="0.538" classname="com.json_server.tests.GetUser"/>
  <testcase name="getAllUser" time="2.129" classname="com.json_server.tests.GetUser"/>
  <testcase name="getSingleUserWithInValidPhonenum" time="0.829" classname="com.json_server.tests.GetUser"/>
  <testcase name="getSingleUserWithInValidPhonenum2" time="0.926" classname="com.json_server.tests.GetUser"/>
  <testcase name="getSingleUserWithValidPhoneNum" time="1.803" classname="com.json_server.tests.GetUser"/>
</testsuite> <!-- com.json_server.tests.GetUser -->
