<?xml version="1.0" encoding="UTF-8"?>
<!-- Generated by org.testng.reporters.JUnitReportReporter -->
<testsuite hostname="Admin-PC" name="com.json_server.tests.GetAuthenticate" tests="6" failures="0" timestamp="27 Apr 2020 14:30:03 GMT" time="6.361" errors="0">
  <testcase name="getAuthenticateWithInValidJson5" time="2.783" classname="com.json_server.tests.GetAuthenticate"/>
  <testcase name="getAuthenticateWithValidJson2" time="0.623" classname="com.json_server.tests.GetAuthenticate"/>
  <testcase name="getAuthenticateWithValidJson" time="0.558" classname="com.json_server.tests.GetAuthenticate"/>
  <testcase name="getAuthenticateWithInValidJson1" time="0.523" classname="com.json_server.tests.GetAuthenticate"/>
  <testcase name="getAuthenticateWithInValidJson4" time="0.758" classname="com.json_server.tests.GetAuthenticate"/>
  <testcase name="getAuthenticateWithInValidJson3" time="1.116" classname="com.json_server.tests.GetAuthenticate"/>
</testsuite> <!-- com.json_server.tests.GetAuthenticate -->
